[2025-08-07 20:56:38 +0000] [1] [INFO] Starting gunicorn 21.2.0
[2025-08-07 20:56:38 +0000] [1] [INFO] Listening at: http://0.0.0.0:8079 (1)
[2025-08-07 20:56:38 +0000] [1] [INFO] Using worker: sync
[2025-08-07 20:56:38 +0000] [29] [INFO] Booting worker with pid: 29
[2025-08-07 20:56:38 +0000] [30] [INFO] Booting worker with pid: 30
[2025-08-07 20:56:38 +0000] [31] [INFO] Booting worker with pid: 31
[2025-08-07 20:56:38 +0000] [32] [INFO] Booting worker with pid: 32
[2025-08-07 21:03:01 +0000] [1] [INFO] Handling signal: term
[2025-08-07 21:03:01 +0000] [30] [INFO] Worker exiting (pid: 30)
[2025-08-07 21:03:01 +0000] [29] [INFO] Worker exiting (pid: 29)
[2025-08-07 21:03:01 +0000] [31] [INFO] Worker exiting (pid: 31)
[2025-08-07 21:03:01 +0000] [32] [INFO] Worker exiting (pid: 32)
[2025-08-07 21:03:02 +0000] [1] [INFO] Shutting down: Master
[2025-08-07 21:04:37 +0000] [1] [INFO] Starting gunicorn 21.2.0
[2025-08-07 21:04:37 +0000] [1] [INFO] Listening at: http://0.0.0.0:8079 (1)
[2025-08-07 21:04:37 +0000] [1] [INFO] Using worker: sync
[2025-08-07 21:04:37 +0000] [29] [INFO] Booting worker with pid: 29
[2025-08-07 21:04:38 +0000] [30] [INFO] Booting worker with pid: 30
[2025-08-07 21:04:38 +0000] [31] [INFO] Booting worker with pid: 31
[2025-08-07 21:04:38 +0000] [32] [INFO] Booting worker with pid: 32
[2025-08-08 00:04:36 +0000] [1] [CRITICAL] WORKER TIMEOUT (pid:29)
[2025-08-08 00:04:36 +0000] [1] [CRITICAL] WORKER TIMEOUT (pid:30)
[2025-08-08 00:04:36 +0000] [1] [CRITICAL] WORKER TIMEOUT (pid:31)
[2025-08-08 00:04:36 +0000] [1] [CRITICAL] WORKER TIMEOUT (pid:32)
[2025-08-08 00:04:36 +0000] [29] [INFO] Worker exiting (pid: 29)
[2025-08-08 00:04:36 +0000] [30] [INFO] Worker exiting (pid: 30)
[2025-08-08 00:04:36 +0000] [31] [INFO] Worker exiting (pid: 31)
[2025-08-08 00:04:36 +0000] [32] [INFO] Worker exiting (pid: 32)
[2025-08-08 00:04:37 +0000] [1] [ERROR] Worker (pid:29) was sent SIGKILL! Perhaps out of memory?
[2025-08-08 00:04:37 +0000] [1] [ERROR] Worker (pid:31) was sent SIGKILL! Perhaps out of memory?
[2025-08-08 00:04:37 +0000] [1] [ERROR] Worker (pid:32) was sent SIGKILL! Perhaps out of memory?
[2025-08-08 00:04:37 +0000] [1] [ERROR] Worker (pid:30) was sent SIGKILL! Perhaps out of memory?
[2025-08-08 00:04:37 +0000] [1975] [INFO] Booting worker with pid: 1975
[2025-08-08 00:04:37 +0000] [1976] [INFO] Booting worker with pid: 1976
[2025-08-08 00:04:37 +0000] [1977] [INFO] Booting worker with pid: 1977
[2025-08-08 00:04:37 +0000] [1978] [INFO] Booting worker with pid: 1978
[2025-08-08 00:23:04 +0000] [1] [CRITICAL] WORKER TIMEOUT (pid:1975)
[2025-08-08 00:23:04 +0000] [1] [CRITICAL] WORKER TIMEOUT (pid:1976)
[2025-08-08 00:23:04 +0000] [1975] [INFO] Worker exiting (pid: 1975)
[2025-08-08 00:23:04 +0000] [1] [CRITICAL] WORKER TIMEOUT (pid:1977)
[2025-08-08 00:23:04 +0000] [1] [CRITICAL] WORKER TIMEOUT (pid:1978)
[2025-08-08 00:23:04 +0000] [1976] [INFO] Worker exiting (pid: 1976)
[2025-08-08 00:23:04 +0000] [1977] [INFO] Worker exiting (pid: 1977)
[2025-08-08 00:23:04 +0000] [1978] [INFO] Worker exiting (pid: 1978)
[2025-08-08 00:23:05 +0000] [1] [ERROR] Worker (pid:1977) exited with code 1
[2025-08-08 00:23:05 +0000] [1] [ERROR] Worker (pid:1977) exited with code 1.
[2025-08-08 00:23:05 +0000] [1] [ERROR] Worker (pid:1978) exited with code 1
[2025-08-08 00:23:05 +0000] [1] [ERROR] Worker (pid:1978) exited with code 1.
[2025-08-08 00:23:05 +0000] [2015] [INFO] Booting worker with pid: 2015
[2025-08-08 00:23:05 +0000] [1] [ERROR] Worker (pid:1975) was sent SIGKILL! Perhaps out of memory?
[2025-08-08 00:23:05 +0000] [1] [ERROR] Worker (pid:1976) was sent SIGKILL! Perhaps out of memory?
[2025-08-08 00:23:05 +0000] [2016] [INFO] Booting worker with pid: 2016
[2025-08-08 00:23:05 +0000] [2017] [INFO] Booting worker with pid: 2017
[2025-08-08 00:23:05 +0000] [2018] [INFO] Booting worker with pid: 2018
[2025-08-08 00:41:04 +0000] [1] [CRITICAL] WORKER TIMEOUT (pid:2015)
[2025-08-08 00:41:04 +0000] [1] [CRITICAL] WORKER TIMEOUT (pid:2016)
[2025-08-08 00:41:04 +0000] [1] [CRITICAL] WORKER TIMEOUT (pid:2017)
[2025-08-08 00:41:04 +0000] [1] [CRITICAL] WORKER TIMEOUT (pid:2018)
[2025-08-08 00:41:04 +0000] [2015] [INFO] Worker exiting (pid: 2015)
[2025-08-08 00:41:04 +0000] [2017] [INFO] Worker exiting (pid: 2017)
[2025-08-08 00:41:04 +0000] [2018] [INFO] Worker exiting (pid: 2018)
[2025-08-08 00:41:04 +0000] [2016] [INFO] Worker exiting (pid: 2016)
[2025-08-08 00:41:04 +0000] [1] [ERROR] Worker (pid:2015) exited with code 1
[2025-08-08 00:41:04 +0000] [1] [ERROR] Worker (pid:2015) exited with code 1.
[2025-08-08 00:41:04 +0000] [2055] [INFO] Booting worker with pid: 2055
[2025-08-08 00:41:04 +0000] [1] [ERROR] Worker (pid:2016) was sent SIGKILL! Perhaps out of memory?
[2025-08-08 00:41:04 +0000] [1] [ERROR] Worker (pid:2017) was sent SIGKILL! Perhaps out of memory?
[2025-08-08 00:41:04 +0000] [1] [ERROR] Worker (pid:2018) was sent SIGKILL! Perhaps out of memory?
[2025-08-08 00:41:04 +0000] [2056] [INFO] Booting worker with pid: 2056
[2025-08-08 00:41:04 +0000] [2057] [INFO] Booting worker with pid: 2057
[2025-08-08 00:41:04 +0000] [2058] [INFO] Booting worker with pid: 2058
[2025-08-08 00:59:02 +0000] [1] [CRITICAL] WORKER TIMEOUT (pid:2055)
[2025-08-08 00:59:02 +0000] [1] [CRITICAL] WORKER TIMEOUT (pid:2056)
[2025-08-08 00:59:02 +0000] [2055] [INFO] Worker exiting (pid: 2055)
[2025-08-08 00:59:02 +0000] [1] [CRITICAL] WORKER TIMEOUT (pid:2057)
[2025-08-08 00:59:02 +0000] [1] [CRITICAL] WORKER TIMEOUT (pid:2058)
[2025-08-08 00:59:02 +0000] [2056] [INFO] Worker exiting (pid: 2056)
[2025-08-08 00:59:02 +0000] [2057] [INFO] Worker exiting (pid: 2057)
[2025-08-08 00:59:02 +0000] [2058] [INFO] Worker exiting (pid: 2058)
[2025-08-08 00:59:03 +0000] [1] [ERROR] Worker (pid:2056) exited with code 1
[2025-08-08 00:59:03 +0000] [1] [ERROR] Worker (pid:2056) exited with code 1.
[2025-08-08 00:59:03 +0000] [1] [ERROR] Worker (pid:2058) exited with code 1
[2025-08-08 00:59:03 +0000] [1] [ERROR] Worker (pid:2058) exited with code 1.
[2025-08-08 00:59:03 +0000] [2089] [INFO] Booting worker with pid: 2089
[2025-08-08 00:59:03 +0000] [1] [ERROR] Worker (pid:2055) was sent SIGKILL! Perhaps out of memory?
[2025-08-08 00:59:03 +0000] [1] [ERROR] Worker (pid:2057) was sent SIGKILL! Perhaps out of memory?
[2025-08-08 00:59:03 +0000] [2090] [INFO] Booting worker with pid: 2090
[2025-08-08 00:59:03 +0000] [2091] [INFO] Booting worker with pid: 2091
[2025-08-08 00:59:03 +0000] [2092] [INFO] Booting worker with pid: 2092
[2025-08-08 01:19:14 +0000] [1] [CRITICAL] WORKER TIMEOUT (pid:2089)
[2025-08-08 01:19:15 +0000] [1] [CRITICAL] WORKER TIMEOUT (pid:2090)
[2025-08-08 01:19:15 +0000] [1] [CRITICAL] WORKER TIMEOUT (pid:2091)
[2025-08-08 01:19:15 +0000] [1] [CRITICAL] WORKER TIMEOUT (pid:2092)
[2025-08-08 01:19:15 +0000] [2091] [INFO] Worker exiting (pid: 2091)
[2025-08-08 01:19:15 +0000] [2089] [INFO] Worker exiting (pid: 2089)
[2025-08-08 01:19:15 +0000] [2090] [INFO] Worker exiting (pid: 2090)
[2025-08-08 01:19:15 +0000] [2092] [INFO] Worker exiting (pid: 2092)
[2025-08-08 01:19:15 +0000] [1] [ERROR] Worker (pid:2090) exited with code 1
[2025-08-08 01:19:15 +0000] [1] [ERROR] Worker (pid:2090) exited with code 1.
[2025-08-08 01:19:15 +0000] [2111] [INFO] Booting worker with pid: 2111
[2025-08-08 01:19:15 +0000] [1] [ERROR] Worker (pid:2091) was sent SIGKILL! Perhaps out of memory?
[2025-08-08 01:19:15 +0000] [1] [ERROR] Worker (pid:2092) was sent SIGKILL! Perhaps out of memory?
[2025-08-08 01:19:15 +0000] [2112] [INFO] Booting worker with pid: 2112
[2025-08-08 01:19:15 +0000] [2113] [INFO] Booting worker with pid: 2113
[2025-08-08 01:19:15 +0000] [2114] [INFO] Booting worker with pid: 2114
[2025-08-08 01:35:13 +0000] [1] [CRITICAL] WORKER TIMEOUT (pid:2111)
[2025-08-08 01:35:13 +0000] [1] [CRITICAL] WORKER TIMEOUT (pid:2112)
[2025-08-08 01:35:13 +0000] [1] [CRITICAL] WORKER TIMEOUT (pid:2113)
[2025-08-08 01:35:13 +0000] [2111] [INFO] Worker exiting (pid: 2111)
[2025-08-08 01:35:13 +0000] [2113] [INFO] Worker exiting (pid: 2113)
[2025-08-08 01:35:13 +0000] [2112] [INFO] Worker exiting (pid: 2112)
[2025-08-08 01:35:13 +0000] [1] [CRITICAL] WORKER TIMEOUT (pid:2114)
[2025-08-08 01:35:13 +0000] [2114] [INFO] Worker exiting (pid: 2114)
[2025-08-08 01:35:14 +0000] [1] [ERROR] Worker (pid:2112) exited with code 1
[2025-08-08 01:35:14 +0000] [1] [ERROR] Worker (pid:2112) exited with code 1.
[2025-08-08 01:35:14 +0000] [1] [ERROR] Worker (pid:2114) exited with code 1
[2025-08-08 01:35:14 +0000] [1] [ERROR] Worker (pid:2114) exited with code 1.
[2025-08-08 01:35:14 +0000] [2127] [INFO] Booting worker with pid: 2127
[2025-08-08 01:35:14 +0000] [1] [ERROR] Worker (pid:2113) was sent SIGKILL! Perhaps out of memory?
[2025-08-08 01:35:14 +0000] [1] [ERROR] Worker (pid:2111) was sent SIGKILL! Perhaps out of memory?
[2025-08-08 01:35:14 +0000] [2128] [INFO] Booting worker with pid: 2128
[2025-08-08 01:35:14 +0000] [2129] [INFO] Booting worker with pid: 2129
[2025-08-08 01:35:14 +0000] [2130] [INFO] Booting worker with pid: 2130
[2025-08-08 01:49:41 +0000] [1] [CRITICAL] WORKER TIMEOUT (pid:2127)
[2025-08-08 01:49:41 +0000] [1] [CRITICAL] WORKER TIMEOUT (pid:2128)
[2025-08-08 01:49:41 +0000] [1] [CRITICAL] WORKER TIMEOUT (pid:2129)
[2025-08-08 01:49:41 +0000] [1] [CRITICAL] WORKER TIMEOUT (pid:2130)
[2025-08-08 01:49:41 +0000] [2128] [INFO] Worker exiting (pid: 2128)
[2025-08-08 01:49:41 +0000] [2127] [INFO] Worker exiting (pid: 2127)
[2025-08-08 01:49:41 +0000] [2129] [INFO] Worker exiting (pid: 2129)
[2025-08-08 01:49:41 +0000] [2130] [INFO] Worker exiting (pid: 2130)
[2025-08-08 01:49:42 +0000] [1] [ERROR] Worker (pid:2128) exited with code 1
[2025-08-08 01:49:42 +0000] [1] [ERROR] Worker (pid:2128) exited with code 1.
[2025-08-08 01:49:42 +0000] [2173] [INFO] Booting worker with pid: 2173
[2025-08-08 01:49:42 +0000] [1] [ERROR] Worker (pid:2127) was sent SIGKILL! Perhaps out of memory?
[2025-08-08 01:49:42 +0000] [1] [ERROR] Worker (pid:2130) was sent SIGKILL! Perhaps out of memory?
[2025-08-08 01:49:42 +0000] [1] [ERROR] Worker (pid:2129) was sent SIGKILL! Perhaps out of memory?
[2025-08-08 01:49:42 +0000] [2174] [INFO] Booting worker with pid: 2174
[2025-08-08 01:49:42 +0000] [2175] [INFO] Booting worker with pid: 2175
[2025-08-08 01:49:42 +0000] [2176] [INFO] Booting worker with pid: 2176
[2025-08-08 03:00:26 +0000] [1] [CRITICAL] WORKER TIMEOUT (pid:2173)
[2025-08-08 03:00:26 +0000] [1] [CRITICAL] WORKER TIMEOUT (pid:2174)
[2025-08-08 03:00:26 +0000] [1] [CRITICAL] WORKER TIMEOUT (pid:2175)
[2025-08-08 03:00:26 +0000] [1] [CRITICAL] WORKER TIMEOUT (pid:2176)
[2025-08-08 03:00:26 +0000] [2174] [INFO] Worker exiting (pid: 2174)
[2025-08-08 03:00:26 +0000] [2176] [INFO] Worker exiting (pid: 2176)
[2025-08-08 03:00:26 +0000] [2175] [INFO] Worker exiting (pid: 2175)
[2025-08-08 03:00:26 +0000] [2173] [INFO] Worker exiting (pid: 2173)
[2025-08-08 03:00:27 +0000] [1] [ERROR] Worker (pid:2173) exited with code 1
[2025-08-08 03:00:27 +0000] [1] [ERROR] Worker (pid:2173) exited with code 1.
[2025-08-08 03:00:27 +0000] [1] [ERROR] Worker (pid:2176) exited with code 1
[2025-08-08 03:00:27 +0000] [1] [ERROR] Worker (pid:2176) exited with code 1.
[2025-08-08 03:00:27 +0000] [2895] [INFO] Booting worker with pid: 2895
[2025-08-08 03:00:27 +0000] [1] [ERROR] Worker (pid:2174) exited with code 1
[2025-08-08 03:00:27 +0000] [1] [ERROR] Worker (pid:2174) exited with code 1.
[2025-08-08 03:00:27 +0000] [1] [ERROR] Worker (pid:2175) was sent SIGKILL! Perhaps out of memory?
[2025-08-08 03:00:27 +0000] [2896] [INFO] Booting worker with pid: 2896
[2025-08-08 03:00:27 +0000] [2897] [INFO] Booting worker with pid: 2897
[2025-08-08 03:00:27 +0000] [2898] [INFO] Booting worker with pid: 2898
[2025-08-08 03:16:22 +0000] [1] [CRITICAL] WORKER TIMEOUT (pid:2895)
[2025-08-08 03:16:22 +0000] [1] [CRITICAL] WORKER TIMEOUT (pid:2896)
[2025-08-08 03:16:22 +0000] [1] [CRITICAL] WORKER TIMEOUT (pid:2897)
[2025-08-08 03:16:22 +0000] [1] [CRITICAL] WORKER TIMEOUT (pid:2898)
[2025-08-08 03:16:22 +0000] [2895] [INFO] Worker exiting (pid: 2895)
[2025-08-08 03:16:22 +0000] [2896] [INFO] Worker exiting (pid: 2896)
[2025-08-08 03:16:22 +0000] [2897] [INFO] Worker exiting (pid: 2897)
[2025-08-08 03:16:22 +0000] [2898] [INFO] Worker exiting (pid: 2898)
[2025-08-08 03:16:22 +0000] [1] [ERROR] Worker (pid:2897) exited with code 1
[2025-08-08 03:16:22 +0000] [1] [ERROR] Worker (pid:2897) exited with code 1.
[2025-08-08 03:16:22 +0000] [1] [ERROR] Worker (pid:2896) exited with code 1
[2025-08-08 03:16:22 +0000] [1] [ERROR] Worker (pid:2896) exited with code 1.
[2025-08-08 03:16:22 +0000] [2905] [INFO] Booting worker with pid: 2905
[2025-08-08 03:16:22 +0000] [1] [ERROR] Worker (pid:2898) was sent SIGKILL! Perhaps out of memory?
[2025-08-08 03:16:22 +0000] [2906] [INFO] Booting worker with pid: 2906
[2025-08-08 03:16:22 +0000] [2907] [INFO] Booting worker with pid: 2907
[2025-08-08 03:16:22 +0000] [2908] [INFO] Booting worker with pid: 2908
[2025-08-08 03:41:12 +0000] [1] [CRITICAL] WORKER TIMEOUT (pid:2905)
[2025-08-08 03:41:12 +0000] [1] [CRITICAL] WORKER TIMEOUT (pid:2906)
[2025-08-08 03:41:12 +0000] [2905] [INFO] Worker exiting (pid: 2905)
[2025-08-08 03:41:12 +0000] [1] [CRITICAL] WORKER TIMEOUT (pid:2907)
[2025-08-08 03:41:12 +0000] [1] [CRITICAL] WORKER TIMEOUT (pid:2908)
[2025-08-08 03:41:12 +0000] [2907] [INFO] Worker exiting (pid: 2907)
[2025-08-08 03:41:12 +0000] [2906] [INFO] Worker exiting (pid: 2906)
[2025-08-08 03:41:12 +0000] [2908] [INFO] Worker exiting (pid: 2908)
[2025-08-08 03:41:12 +0000] [1] [ERROR] Worker (pid:2906) exited with code 1
[2025-08-08 03:41:12 +0000] [1] [ERROR] Worker (pid:2906) exited with code 1.
[2025-08-08 03:41:12 +0000] [1] [ERROR] Worker (pid:2905) exited with code 1
[2025-08-08 03:41:12 +0000] [1] [ERROR] Worker (pid:2905) exited with code 1.
[2025-08-08 03:41:12 +0000] [3011] [INFO] Booting worker with pid: 3011
[2025-08-08 03:41:12 +0000] [1] [ERROR] Worker (pid:2908) was sent SIGKILL! Perhaps out of memory?
[2025-08-08 03:41:12 +0000] [1] [ERROR] Worker (pid:2907) was sent SIGKILL! Perhaps out of memory?
[2025-08-08 03:41:12 +0000] [3012] [INFO] Booting worker with pid: 3012
[2025-08-08 03:41:12 +0000] [3013] [INFO] Booting worker with pid: 3013
[2025-08-08 03:41:13 +0000] [3014] [INFO] Booting worker with pid: 3014
[2025-08-08 06:27:43 +0000] [1] [CRITICAL] WORKER TIMEOUT (pid:3011)
[2025-08-08 06:27:43 +0000] [1] [CRITICAL] WORKER TIMEOUT (pid:3012)
[2025-08-08 06:27:43 +0000] [1] [CRITICAL] WORKER TIMEOUT (pid:3013)
[2025-08-08 06:27:43 +0000] [1] [CRITICAL] WORKER TIMEOUT (pid:3014)
[2025-08-08 06:27:43 +0000] [3012] [INFO] Worker exiting (pid: 3012)
[2025-08-08 06:27:43 +0000] [3011] [INFO] Worker exiting (pid: 3011)
[2025-08-08 06:27:43 +0000] [3014] [INFO] Worker exiting (pid: 3014)
[2025-08-08 06:27:43 +0000] [3013] [INFO] Worker exiting (pid: 3013)
[2025-08-08 06:27:44 +0000] [1] [ERROR] Worker (pid:3012) exited with code 1
[2025-08-08 06:27:44 +0000] [1] [ERROR] Worker (pid:3012) exited with code 1.
[2025-08-08 06:27:44 +0000] [1] [ERROR] Worker (pid:3013) exited with code 1
[2025-08-08 06:27:44 +0000] [1] [ERROR] Worker (pid:3013) exited with code 1.
[2025-08-08 06:27:44 +0000] [1] [ERROR] Worker (pid:3011) exited with code 1
[2025-08-08 06:27:44 +0000] [1] [ERROR] Worker (pid:3011) exited with code 1.
[2025-08-08 06:27:44 +0000] [4779] [INFO] Booting worker with pid: 4779
[2025-08-08 06:27:44 +0000] [1] [ERROR] Worker (pid:3014) was sent SIGKILL! Perhaps out of memory?
[2025-08-08 06:27:44 +0000] [4780] [INFO] Booting worker with pid: 4780
[2025-08-08 06:27:44 +0000] [4781] [INFO] Booting worker with pid: 4781
[2025-08-08 06:27:44 +0000] [4782] [INFO] Booting worker with pid: 4782
[2025-08-08 08:47:31 +0000] [1] [CRITICAL] WORKER TIMEOUT (pid:4780)
[2025-08-08 08:47:31 +0000] [1] [CRITICAL] WORKER TIMEOUT (pid:4781)
[2025-08-08 08:47:31 +0000] [1] [CRITICAL] WORKER TIMEOUT (pid:4782)
[2025-08-08 08:47:31 +0000] [4781] [INFO] Worker exiting (pid: 4781)
[2025-08-08 08:47:31 +0000] [4780] [INFO] Worker exiting (pid: 4780)
[2025-08-08 08:47:31 +0000] [4782] [INFO] Worker exiting (pid: 4782)
[2025-08-08 08:47:32 +0000] [1] [ERROR] Worker (pid:4781) exited with code 1
[2025-08-08 08:47:32 +0000] [1] [ERROR] Worker (pid:4781) exited with code 1.
[2025-08-08 08:47:32 +0000] [1] [ERROR] Worker (pid:4782) exited with code 1
[2025-08-08 08:47:32 +0000] [1] [ERROR] Worker (pid:4782) exited with code 1.
[2025-08-08 08:47:32 +0000] [1] [ERROR] Worker (pid:4780) exited with code 1
[2025-08-08 08:47:32 +0000] [1] [ERROR] Worker (pid:4780) exited with code 1.
[2025-08-08 08:47:32 +0000] [6298] [INFO] Booting worker with pid: 6298
[2025-08-08 08:47:32 +0000] [6299] [INFO] Booting worker with pid: 6299
[2025-08-08 08:47:32 +0000] [6300] [INFO] Booting worker with pid: 6300
[2025-08-08 11:19:57 +0000] [1] [CRITICAL] WORKER TIMEOUT (pid:4779)
[2025-08-08 11:19:57 +0000] [1] [CRITICAL] WORKER TIMEOUT (pid:6298)
[2025-08-08 11:19:57 +0000] [1] [CRITICAL] WORKER TIMEOUT (pid:6299)
[2025-08-08 11:19:57 +0000] [1] [CRITICAL] WORKER TIMEOUT (pid:6300)
[2025-08-08 11:19:57 +0000] [4779] [INFO] Worker exiting (pid: 4779)
[2025-08-08 11:19:57 +0000] [6299] [INFO] Worker exiting (pid: 6299)
[2025-08-08 11:19:57 +0000] [6300] [INFO] Worker exiting (pid: 6300)
[2025-08-08 11:19:57 +0000] [6298] [INFO] Worker exiting (pid: 6298)
[2025-08-08 11:19:58 +0000] [1] [ERROR] Worker (pid:6300) was sent SIGKILL! Perhaps out of memory?
[2025-08-08 11:19:58 +0000] [1] [ERROR] Worker (pid:6299) was sent SIGKILL! Perhaps out of memory?
[2025-08-08 11:19:58 +0000] [7970] [INFO] Booting worker with pid: 7970
[2025-08-08 11:19:58 +0000] [7971] [INFO] Booting worker with pid: 7971
[2025-08-08 11:19:58 +0000] [7972] [INFO] Booting worker with pid: 7972
[2025-08-08 11:19:58 +0000] [7973] [INFO] Booting worker with pid: 7973
[2025-08-08 11:37:58 +0000] [1] [CRITICAL] WORKER TIMEOUT (pid:7970)
[2025-08-08 11:37:58 +0000] [1] [CRITICAL] WORKER TIMEOUT (pid:7971)
[2025-08-08 11:37:58 +0000] [1] [CRITICAL] WORKER TIMEOUT (pid:7972)
[2025-08-08 11:37:58 +0000] [1] [CRITICAL] WORKER TIMEOUT (pid:7973)
[2025-08-08 11:37:58 +0000] [7970] [INFO] Worker exiting (pid: 7970)
[2025-08-08 11:37:58 +0000] [7971] [INFO] Worker exiting (pid: 7971)
[2025-08-08 11:37:58 +0000] [7972] [INFO] Worker exiting (pid: 7972)
[2025-08-08 11:37:58 +0000] [7973] [INFO] Worker exiting (pid: 7973)
[2025-08-08 11:37:58 +0000] [1] [ERROR] Worker (pid:7970) exited with code 1
[2025-08-08 11:37:58 +0000] [1] [ERROR] Worker (pid:7970) exited with code 1.
[2025-08-08 11:37:58 +0000] [1] [ERROR] Worker (pid:7973) exited with code 1
[2025-08-08 11:37:58 +0000] [1] [ERROR] Worker (pid:7973) exited with code 1.
[2025-08-08 11:37:58 +0000] [1] [ERROR] Worker (pid:7972) exited with code 1
[2025-08-08 11:37:58 +0000] [1] [ERROR] Worker (pid:7972) exited with code 1.
[2025-08-08 11:37:58 +0000] [1] [ERROR] Worker (pid:7971) exited with code 1
[2025-08-08 11:37:58 +0000] [1] [ERROR] Worker (pid:7971) exited with code 1.
[2025-08-08 11:37:59 +0000] [7974] [INFO] Booting worker with pid: 7974
[2025-08-08 11:37:59 +0000] [7975] [INFO] Booting worker with pid: 7975
[2025-08-08 11:37:59 +0000] [7976] [INFO] Booting worker with pid: 7976
[2025-08-08 11:37:59 +0000] [7983] [INFO] Booting worker with pid: 7983
[2025-08-08 12:13:34 +0000] [1] [CRITICAL] WORKER TIMEOUT (pid:7974)
[2025-08-08 12:13:34 +0000] [1] [CRITICAL] WORKER TIMEOUT (pid:7975)
[2025-08-08 12:13:34 +0000] [1] [CRITICAL] WORKER TIMEOUT (pid:7976)
[2025-08-08 12:13:34 +0000] [1] [CRITICAL] WORKER TIMEOUT (pid:7983)
[2025-08-08 12:13:34 +0000] [7974] [INFO] Worker exiting (pid: 7974)
[2025-08-08 12:13:34 +0000] [7975] [INFO] Worker exiting (pid: 7975)
[2025-08-08 12:13:34 +0000] [7976] [INFO] Worker exiting (pid: 7976)
[2025-08-08 12:13:34 +0000] [7983] [INFO] Worker exiting (pid: 7983)
[2025-08-08 12:13:34 +0000] [1] [ERROR] Worker (pid:7976) exited with code 1
[2025-08-08 12:13:34 +0000] [1] [ERROR] Worker (pid:7976) exited with code 1.
[2025-08-08 12:13:34 +0000] [1] [ERROR] Worker (pid:7983) exited with code 1
[2025-08-08 12:13:34 +0000] [1] [ERROR] Worker (pid:7983) exited with code 1.
[2025-08-08 12:13:34 +0000] [1] [ERROR] Worker (pid:7974) exited with code 1
[2025-08-08 12:13:34 +0000] [1] [ERROR] Worker (pid:7974) exited with code 1.
[2025-08-08 12:13:34 +0000] [1] [ERROR] Worker (pid:7975) exited with code 1
[2025-08-08 12:13:34 +0000] [1] [ERROR] Worker (pid:7975) exited with code 1.
[2025-08-08 12:13:34 +0000] [7984] [INFO] Booting worker with pid: 7984
[2025-08-08 12:13:34 +0000] [7985] [INFO] Booting worker with pid: 7985
[2025-08-08 12:13:34 +0000] [7986] [INFO] Booting worker with pid: 7986
[2025-08-08 12:13:34 +0000] [7987] [INFO] Booting worker with pid: 7987
[2025-08-08 12:48:12 +0000] [1] [CRITICAL] WORKER TIMEOUT (pid:7984)
[2025-08-08 12:48:12 +0000] [1] [CRITICAL] WORKER TIMEOUT (pid:7985)
[2025-08-08 12:48:12 +0000] [1] [CRITICAL] WORKER TIMEOUT (pid:7986)
[2025-08-08 12:48:12 +0000] [1] [CRITICAL] WORKER TIMEOUT (pid:7987)
[2025-08-08 12:48:12 +0000] [7984] [INFO] Worker exiting (pid: 7984)
[2025-08-08 12:48:12 +0000] [7986] [INFO] Worker exiting (pid: 7986)
[2025-08-08 12:48:12 +0000] [7987] [INFO] Worker exiting (pid: 7987)
[2025-08-08 12:48:12 +0000] [7985] [INFO] Worker exiting (pid: 7985)
[2025-08-08 12:48:12 +0000] [1] [ERROR] Worker (pid:7985) exited with code 1
[2025-08-08 12:48:12 +0000] [1] [ERROR] Worker (pid:7985) exited with code 1.
[2025-08-08 12:48:12 +0000] [1] [ERROR] Worker (pid:7986) exited with code 1
[2025-08-08 12:48:12 +0000] [1] [ERROR] Worker (pid:7986) exited with code 1.
[2025-08-08 12:48:12 +0000] [1] [ERROR] Worker (pid:7987) exited with code 1
[2025-08-08 12:48:12 +0000] [1] [ERROR] Worker (pid:7987) exited with code 1.
[2025-08-08 12:48:12 +0000] [1] [ERROR] Worker (pid:7984) exited with code 1
[2025-08-08 12:48:12 +0000] [1] [ERROR] Worker (pid:7984) exited with code 1.
[2025-08-08 12:48:12 +0000] [8000] [INFO] Booting worker with pid: 8000
[2025-08-08 12:48:13 +0000] [8001] [INFO] Booting worker with pid: 8001
[2025-08-08 12:48:13 +0000] [8002] [INFO] Booting worker with pid: 8002
[2025-08-08 12:48:13 +0000] [8003] [INFO] Booting worker with pid: 8003
[2025-08-08 13:49:46 +0000] [1] [CRITICAL] WORKER TIMEOUT (pid:8000)
[2025-08-08 13:49:46 +0000] [1] [CRITICAL] WORKER TIMEOUT (pid:8001)
[2025-08-08 13:49:46 +0000] [1] [CRITICAL] WORKER TIMEOUT (pid:8002)
[2025-08-08 13:49:46 +0000] [8001] [INFO] Worker exiting (pid: 8001)
[2025-08-08 13:49:46 +0000] [8000] [INFO] Worker exiting (pid: 8000)
[2025-08-08 13:49:46 +0000] [1] [CRITICAL] WORKER TIMEOUT (pid:8003)
[2025-08-08 13:49:46 +0000] [8002] [INFO] Worker exiting (pid: 8002)
[2025-08-08 13:49:46 +0000] [8003] [INFO] Worker exiting (pid: 8003)
[2025-08-08 13:49:47 +0000] [1] [ERROR] Worker (pid:8002) exited with code 1
[2025-08-08 13:49:47 +0000] [1] [ERROR] Worker (pid:8002) exited with code 1.
[2025-08-08 13:49:47 +0000] [1] [ERROR] Worker (pid:8000) exited with code 1
[2025-08-08 13:49:47 +0000] [1] [ERROR] Worker (pid:8000) exited with code 1.
[2025-08-08 13:49:47 +0000] [8010] [INFO] Booting worker with pid: 8010
[2025-08-08 13:49:47 +0000] [1] [ERROR] Worker (pid:8001) was sent SIGKILL! Perhaps out of memory?
[2025-08-08 13:49:47 +0000] [8011] [INFO] Booting worker with pid: 8011
[2025-08-08 13:49:47 +0000] [8012] [INFO] Booting worker with pid: 8012
[2025-08-08 13:49:47 +0000] [8013] [INFO] Booting worker with pid: 8013
[2025-08-08 13:55:44 +0000] [1] [CRITICAL] WORKER TIMEOUT (pid:8010)
[2025-08-08 13:55:44 +0000] [1] [CRITICAL] WORKER TIMEOUT (pid:8011)
[2025-08-08 13:55:44 +0000] [1] [CRITICAL] WORKER TIMEOUT (pid:8012)
[2025-08-08 13:55:44 +0000] [1] [CRITICAL] WORKER TIMEOUT (pid:8013)
[2025-08-08 13:55:44 +0000] [8011] [INFO] Worker exiting (pid: 8011)
[2025-08-08 13:55:44 +0000] [8012] [INFO] Worker exiting (pid: 8012)
[2025-08-08 13:55:44 +0000] [8013] [INFO] Worker exiting (pid: 8013)
[2025-08-08 13:55:44 +0000] [8010] [INFO] Worker exiting (pid: 8010)
[2025-08-08 13:55:45 +0000] [1] [ERROR] Worker (pid:8010) was sent SIGKILL! Perhaps out of memory?
[2025-08-08 13:55:45 +0000] [1] [ERROR] Worker (pid:8013) was sent SIGKILL! Perhaps out of memory?
[2025-08-08 13:55:45 +0000] [1] [ERROR] Worker (pid:8011) was sent SIGKILL! Perhaps out of memory?
[2025-08-08 13:55:45 +0000] [1] [ERROR] Worker (pid:8012) was sent SIGKILL! Perhaps out of memory?
[2025-08-08 13:55:45 +0000] [8020] [INFO] Booting worker with pid: 8020
[2025-08-08 13:55:45 +0000] [8021] [INFO] Booting worker with pid: 8021
[2025-08-08 13:55:45 +0000] [8022] [INFO] Booting worker with pid: 8022
[2025-08-08 13:55:45 +0000] [8023] [INFO] Booting worker with pid: 8023
