2025-08-07 21:51:46,033 - __main__ - INFO - Starting initial metrics calculation...
2025-08-07 21:51:46,033 - __main__ - INFO - Starting metrics update for 8 pairs...
2025-08-07 21:51:46,033 - __main__ - INFO - Analyzing ETH as reference...
2025-08-07 21:51:48,337 - __main__ - INFO - ETH reference metrics - Volatility: 0.582, Avg Movement: 0.052
2025-08-07 21:51:48,337 - __main__ - INFO - Analyzing pair: BTC/USDT:USDT
2025-08-07 21:51:48,579 - __main__ - INFO - BTC/USDT:USDT: Leverage Adj: 2.000, Volatility Ratio: 0.357, Recommended Leverage: 20x
2025-08-07 21:51:48,579 - __main__ - INFO - Analyzing pair: ETH/USDT:USDT
2025-08-07 21:51:48,831 - __main__ - INFO - ETH/USDT:USDT: Leverage Adj: 1.000, Volatility Ratio: 1.000, Recommended Leverage: 10x
2025-08-07 21:51:48,832 - __main__ - INFO - Analyzing pair: ADA/USDT:USDT
2025-08-07 21:51:49,088 - __main__ - INFO - ADA/USDT:USDT: Leverage Adj: 0.777, Volatility Ratio: 1.152, Recommended Leverage: 10x
2025-08-07 21:51:49,088 - __main__ - INFO - Analyzing pair: SOL/USDT:USDT
2025-08-07 21:51:49,334 - __main__ - INFO - SOL/USDT:USDT: Leverage Adj: 0.878, Volatility Ratio: 1.159, Recommended Leverage: 10x
2025-08-07 21:51:49,334 - __main__ - INFO - Analyzing pair: MATIC/USDT:USDT
2025-08-07 21:51:49,335 - __main__ - ERROR - Error fetching data for MATIC/USDT:USDT: binance does not have market symbol MATIC/USDT:USDT
2025-08-07 21:51:49,335 - __main__ - WARNING - No data available for MATIC/USDT:USDT
2025-08-07 21:51:49,335 - __main__ - INFO - Analyzing pair: DOT/USDT:USDT
2025-08-07 21:51:49,588 - __main__ - INFO - DOT/USDT:USDT: Leverage Adj: 0.858, Volatility Ratio: 1.057, Recommended Leverage: 10x
2025-08-07 21:51:49,588 - __main__ - INFO - Analyzing pair: LINK/USDT:USDT
2025-08-07 21:51:49,843 - __main__ - INFO - LINK/USDT:USDT: Leverage Adj: 0.752, Volatility Ratio: 1.307, Recommended Leverage: 5x
2025-08-07 21:51:49,844 - __main__ - INFO - Analyzing pair: UNI/USDT:USDT
2025-08-07 21:51:50,089 - __main__ - INFO - UNI/USDT:USDT: Leverage Adj: 0.632, Volatility Ratio: 1.547, Recommended Leverage: 3x
2025-08-07 21:51:50,091 - __main__ - INFO - Saved metrics for BTC/USDT:USDT
2025-08-07 21:51:50,092 - __main__ - INFO - Saved metrics for ETH/USDT:USDT
2025-08-07 21:51:50,093 - __main__ - INFO - Saved metrics for ADA/USDT:USDT
2025-08-07 21:51:50,094 - __main__ - INFO - Saved metrics for SOL/USDT:USDT
2025-08-07 21:51:50,095 - __main__ - INFO - Saved metrics for DOT/USDT:USDT
2025-08-07 21:51:50,096 - __main__ - INFO - Saved metrics for LINK/USDT:USDT
2025-08-07 21:51:50,097 - __main__ - INFO - Saved metrics for UNI/USDT:USDT
2025-08-07 21:51:50,097 - __main__ - INFO - Metrics update completed. Updated 7 pairs.
2025-08-07 21:51:50,097 - __main__ - INFO - Initial metrics calculation completed
2025-08-07 21:51:50,098 - __main__ - INFO - Scheduler started - metrics will update every 48 hours at 2:00 AM
2025-08-07 21:51:50,098 - __main__ - INFO - Starting Flask API server on port 5000...
2025-08-07 21:16:49,032 - trading_api - INFO - Starting metrics update for 2 pairs...
2025-08-07 21:16:49,035 - trading_api - INFO - Analyzing ETH as reference...
2025-08-07 21:16:50,052 - trading_api - INFO - ETH reference metrics - Volatility: 0.594, Avg Movement: 0.052
2025-08-07 21:16:50,053 - trading_api - INFO - Analyzing pair: BTC/USDT:USDT
2025-08-07 21:16:50,367 - trading_api - INFO - BTC/USDT:USDT: Leverage Adj: 2.000, Volatility Ratio: 0.365, Recommended Leverage: 20x
2025-08-07 21:16:50,367 - trading_api - INFO - Analyzing pair: FUN/USDT:USDT
2025-08-07 21:16:50,666 - trading_api - INFO - FUN/USDT:USDT: Leverage Adj: 0.362, Volatility Ratio: 2.855, Recommended Leverage: 2x
2025-08-07 21:16:50,684 - trading_api - INFO - Saved metrics for BTC/USDT:USDT
2025-08-07 21:16:50,694 - trading_api - INFO - Saved metrics for FUN/USDT:USDT
2025-08-07 21:16:50,694 - trading_api - INFO - Metrics update completed. Updated 2 pairs.
2025-08-07 21:34:03,289 - trading_api - INFO - Starting metrics update for 3 pairs...
2025-08-07 21:34:03,292 - trading_api - INFO - Analyzing ETH as reference...
2025-08-07 21:34:03,631 - trading_api - INFO - ETH reference metrics - Volatility: 0.594, Avg Movement: 0.052
2025-08-07 21:34:03,632 - trading_api - INFO - Analyzing pair: BTC/USDT:USDT
2025-08-07 21:34:03,873 - trading_api - INFO - BTC/USDT:USDT: Leverage Adj: 2.000, Volatility Ratio: 0.364, Recommended Leverage: 20x
2025-08-07 21:34:03,874 - trading_api - INFO - Analyzing pair: FUN/USDT:USDT
2025-08-07 21:34:04,128 - trading_api - INFO - FUN/USDT:USDT: Leverage Adj: 0.362, Volatility Ratio: 2.855, Recommended Leverage: 2x
2025-08-07 21:34:04,129 - trading_api - INFO - Analyzing pair: ARB/USDT:USDT
2025-08-07 21:34:04,365 - trading_api - INFO - ARB/USDT:USDT: Leverage Adj: 0.677, Volatility Ratio: 1.336, Recommended Leverage: 5x
2025-08-07 21:34:04,388 - trading_api - INFO - Saved metrics for BTC/USDT:USDT
2025-08-07 21:34:04,394 - trading_api - INFO - Saved metrics for FUN/USDT:USDT
2025-08-07 21:34:04,397 - trading_api - INFO - Saved metrics for ARB/USDT:USDT
2025-08-07 21:34:04,398 - trading_api - INFO - Metrics update completed. Updated 3 pairs.
